-------------------------------------------------------------------------------
Test set: Test
-------------------------------------------------------------------------------
Tests run: 6, Failures: 1, Errors: 0, Skipped: 0, Time elapsed: 1.763 s <<< FAILURE! - in Test
checkInvalidGithubToken  Time elapsed: 0.296 s  <<< FAILURE!
org.opentest4j.AssertionFailedError: expected: <Invalid token> but was: <Invalid or unprovided token>
	at Test.checkInvalidGithubToken(Test.java:19)

