<?xml version="1.0" encoding="UTF-8"?>
<testsuite xmlns:xsi="http://www.w3.org/2001/XMLSchema-instance" xsi:noNamespaceSchemaLocation="https://maven.apache.org/surefire/maven-surefire-plugin/xsd/surefire-test-report.xsd" name="Test" time="2.896" tests="7" errors="0" skipped="0" failures="0">
  <properties>
[...]
</properties>
  <testcase name="testInvalidUsername" classname="Test" time="1.061"/>
  <testcase name="combinedUnsupportedDomain" classname="Test" time="0.698"/>
  <testcase name="testIncorrectFreshToken" classname="Test" time="0.652"/>
  <testcase name="testIncorrectGithubToken" classname="Test" time="0.181"/>
  <testcase name="testIncorrectUsername" classname="Test" time="0.003"/>
  <testcase name="testEmptySubdomain" classname="Test" time="0.003"/>
  <testcase name="testReturnedObjectGithubReq" classname="Test" time="0.282"/>
</testsuite>