-------------------------------------------------------------------------------
Test set: Test
-------------------------------------------------------------------------------
Tests run: 8, Failures: 1, Errors: 0, Skipped: 0, Time elapsed: 1.67 s <<< FAILURE! - in Test
providedDataDictionary  Time elapsed: 0.009 s  <<< FAILURE!
org.opentest4j.AssertionFailedError: expected: <At least an email, phone number ot twitter should be provided> but was: <No line found>
	at Test.providedDataDictionary(Test.java:40)

